c:\users\ysp\desktop\assistant\assistant\ui_widget.h
c:\users\ysp\desktop\assistant\assistant\release\qrc_resource.cpp
c:\users\ysp\desktop\assistant\assistant\release\moc_widget.cpp
c:\users\ysp\desktop\assistant\assistant\release\moc_thread_videocapture.cpp
c:\users\ysp\desktop\assistant\assistant\release\qrc_resource.obj
c:\users\ysp\desktop\assistant\assistant\release\widget.obj
c:\users\ysp\desktop\assistant\assistant\release\inputmessage.obj
c:\users\ysp\desktop\assistant\assistant\release\main.obj
c:\users\ysp\desktop\assistant\assistant\release\thread_videocapture.obj
c:\users\ysp\desktop\assistant\assistant\release\moc_thread_videocapture.obj
c:\users\ysp\desktop\assistant\assistant\release\moc_widget.obj
c:\users\ysp\desktop\assistant\assistant\release\moc_predefs.h
c:\users\ysp\desktop\assistant\assistant\release\assistant.exe
c:\users\ysp\desktop\assistant\assistant\release\assistant.tlog\assistant.write.1u.tlog
c:\users\ysp\desktop\assistant\assistant\release\assistant.tlog\cl.command.1.tlog
c:\users\ysp\desktop\assistant\assistant\release\assistant.tlog\cl.items.tlog
c:\users\ysp\desktop\assistant\assistant\release\assistant.tlog\cl.read.1.tlog
c:\users\ysp\desktop\assistant\assistant\release\assistant.tlog\cl.write.1.tlog
c:\users\ysp\desktop\assistant\assistant\release\assistant.tlog\custombuild.command.1.tlog
c:\users\ysp\desktop\assistant\assistant\release\assistant.tlog\custombuild.read.1.tlog
c:\users\ysp\desktop\assistant\assistant\release\assistant.tlog\custombuild.write.1.tlog
c:\users\ysp\desktop\assistant\assistant\release\assistant.tlog\link.command.1.tlog
c:\users\ysp\desktop\assistant\assistant\release\assistant.tlog\link.read.1.tlog
c:\users\ysp\desktop\assistant\assistant\release\assistant.tlog\link.secondary.1.tlog
c:\users\ysp\desktop\assistant\assistant\release\assistant.tlog\link.write.1.tlog
c:\users\ysp\desktop\assistant\assistant\release\assistant.tlog\moc.read.1u.tlog
c:\users\ysp\desktop\assistant\assistant\release\assistant.tlog\moc.write.1u.tlog
c:\users\ysp\desktop\assistant\assistant\release\assistant.tlog\rcc.read.1u.tlog
c:\users\ysp\desktop\assistant\assistant\release\assistant.tlog\rcc.write.1u.tlog
c:\users\ysp\desktop\assistant\assistant\release\assistant.tlog\uic.read.1u.tlog
c:\users\ysp\desktop\assistant\assistant\release\assistant.tlog\uic.write.1u.tlog
